<?xml version="1.0" encoding="UTF-8"?>
<testsuite xmlns:xsi="http://www.w3.org/2001/XMLSchema-instance" xsi:noNamespaceSchemaLocation="https://maven.apache.org/surefire/maven-surefire-plugin/xsd/surefire-test-report.xsd" name="lab_ssvv_tests.StudentTests" time="0.091" tests="9" errors="0" skipped="0" failures="0">
  <properties>
[...]
</properties>
  <testcase name="addStudent_InvalidName_Empty" classname="lab_ssvv_tests.StudentTests" time="0.044"/>
  <testcase name="addStudent_InvalidGroup_TooLow" classname="lab_ssvv_tests.StudentTests" time="0.005"/>
  <testcase name="addStudent_ValidEmail" classname="lab_ssvv_tests.StudentTests" time="0.006"/>
  <testcase name="addStudent_ValidGroup" classname="lab_ssvv_tests.StudentTests" time="0.007"/>
  <testcase name="addStudent_InvalidGroup_TooHigh" classname="lab_ssvv_tests.StudentTests" time="0.005"/>
  <testcase name="addStudent_ValidName" classname="lab_ssvv_tests.StudentTests" time="0.005"/>
  <testcase name="addStudent_InvalidEmail_MissingAtSymbol" classname="lab_ssvv_tests.StudentTests" time="0.006"/>
  <testcase name="addStudent_ValidData_CreatedSuccessfully" classname="lab_ssvv_tests.StudentTests" time="0.006"/>
  <testcase name="addStudent_InvalidEmail_InvalidDomain" classname="lab_ssvv_tests.StudentTests" time="0.005"/>
</testsuite>